<?xml version="1.0" encoding="UTF-8"?>
<testsuite name="scrap.heap.refactor.AppTest" tests="1" skipped="0" failures="0" errors="0" timestamp="2020-02-12T01:19:59" hostname="A4440450.local" time="0.001">
  <properties/>
  <testcase name="testAppHasAGreeting" classname="scrap.heap.refactor.AppTest" time="0.001"/>
  <system-out><![CDATA[]]></system-out>
  <system-err><![CDATA[]]></system-err>
</testsuite>
